<?xml version="1.0" encoding="UTF-8"?>
<!-- Generated by org.testng.reporters.JUnitReportReporter -->
<testsuite hostname="DEscarcegaF" name="org.webdriver.tests.ThirdTest" tests="2" failures="0" timestamp="21 Aug 2015 20:31:59 GMT" time="0.238" errors="0">
  <testcase name="verifyPageLEL2" time="0.014" classname="org.webdriver.tests.ThirdTest"/>
  <testcase name="verifyPageLEL" time="0.224" classname="org.webdriver.tests.ThirdTest"/>
</testsuite> <!-- org.webdriver.tests.ThirdTest -->
