<?xml version="1.0" encoding="UTF-8"?>
<!-- Generated by org.testng.reporters.JUnitReportReporter -->
<testsuite hostname="DEscarcegaF" name="org.webdriver.tests.SecondTest" tests="3" failures="0" timestamp="21 Aug 2015 20:31:59 GMT" time="5.234" errors="0">
  <testcase name="verifyPageURL" time="5.018" classname="org.webdriver.tests.SecondTest"/>
  <testcase name="verifyPageURL2" time="0.020" classname="org.webdriver.tests.SecondTest"/>
  <testcase name="verifyPageURL3" time="0.196" classname="org.webdriver.tests.SecondTest"/>
</testsuite> <!-- org.webdriver.tests.SecondTest -->
