<?xml version="1.0" encoding="UTF-8"?>
<testsuite name="org.webdriver.tests.FourthTest" tests="3" skipped="0" failures="0" errors="0" timestamp="2015-08-24T18:50:29" hostname="DEscarcegaF" time="5.601">
  <properties/>
  <testcase name="verifyPageXF" classname="org.webdriver.tests.FourthTest" time="5.016"/>
  <testcase name="verifyPageXF2" classname="org.webdriver.tests.FourthTest" time="0.014"/>
  <testcase name="verifyPageXF3" classname="org.webdriver.tests.FourthTest" time="0.207"/>
  <system-out><![CDATA[]]></system-out>
  <system-err><![CDATA[]]></system-err>
</testsuite>
