<?xml version="1.0" encoding="UTF-8"?>
<testsuite name="org.webdriver.tests.ThirdTest" tests="2" skipped="0" failures="0" errors="0" timestamp="2015-08-24T18:50:21" hostname="DEscarcegaF" time="0.422">
  <properties/>
  <testcase name="verifyPageLEL" classname="org.webdriver.tests.ThirdTest" time="0.241"/>
  <testcase name="verifyPageLEL2" classname="org.webdriver.tests.ThirdTest" time="0.017"/>
  <system-out><![CDATA[]]></system-out>
  <system-err><![CDATA[]]></system-err>
</testsuite>
