<?xml version="1.0" encoding="UTF-8"?>
<testsuite name="org.webdriver.tests.FourthTest" tests="3" skipped="0" failures="0" errors="0" timestamp="2015-08-25T21:49:39" hostname="DEscarcegaF" time="5.907">
  <properties/>
  <testcase name="verifyPageXF" classname="org.webdriver.tests.FourthTest" time="5.025"/>
  <testcase name="verifyPageXF2" classname="org.webdriver.tests.FourthTest" time="0.02"/>
  <testcase name="verifyPageXF3" classname="org.webdriver.tests.FourthTest" time="0.177"/>
  <system-out><![CDATA[SUCCESS: 'verifyPageXF' has succeded.
SUCCESS: 'verifyPageXF2' has succeded.
SUCCESS: 'verifyPageXF3' has succeded.
]]></system-out>
  <system-err><![CDATA[]]></system-err>
</testsuite>
