<?xml version="1.0" encoding="UTF-8"?>
<testsuite name="org.webdriver.tests.ThirdTest" tests="3" skipped="0" failures="0" errors="0" timestamp="2015-08-27T14:44:22" hostname="DEscarcegaF" time="66.215">
  <properties/>
  <testcase name="testMethod1" classname="org.webdriver.tests.ThirdTest" time="12.331"/>
  <testcase name="testMethod2" classname="org.webdriver.tests.ThirdTest" time="28.822"/>
  <testcase name="testMethod3" classname="org.webdriver.tests.ThirdTest" time="20.739"/>
  <system-out><![CDATA[PRINTLN
]]></system-out>
  <system-err><![CDATA[]]></system-err>
</testsuite>
