<?xml version="1.0" encoding="UTF-8"?>
<testsuite name="org.webdriver.tests.SecondTest" tests="3" skipped="0" failures="0" errors="0" timestamp="2015-08-27T14:44:22" hostname="DEscarcegaF" time="66.088">
  <properties/>
  <testcase name="testMethod1" classname="org.webdriver.tests.SecondTest" time="10.624"/>
  <testcase name="testMethod2" classname="org.webdriver.tests.SecondTest" time="12.498"/>
  <testcase name="testMethod3" classname="org.webdriver.tests.SecondTest" time="39.507"/>
  <system-out><![CDATA[]]></system-out>
  <system-err><![CDATA[]]></system-err>
</testsuite>
