<?xml version="1.0" encoding="UTF-8"?>
<testsuite name="org.webdriver.tests.SecondTest" tests="3" skipped="0" failures="0" errors="0" timestamp="2015-08-24T18:50:09" hostname="DEscarcegaF" time="5.626">
  <properties/>
  <testcase name="verifyPageURL" classname="org.webdriver.tests.SecondTest" time="5.012"/>
  <testcase name="verifyPageURL2" classname="org.webdriver.tests.SecondTest" time="0.039"/>
  <testcase name="verifyPageURL3" classname="org.webdriver.tests.SecondTest" time="0.193"/>
  <system-out><![CDATA[]]></system-out>
  <system-err><![CDATA[]]></system-err>
</testsuite>
