<?xml version="1.0" encoding="UTF-8"?>
<testsuite name="org.webdriver.tests.SecondTest" tests="3" skipped="0" failures="0" errors="0" timestamp="2015-09-21T22:23:35" hostname="DEscarcegaF" time="17.6">
  <properties/>
  <testcase name="testMethod1" classname="org.webdriver.tests.SecondTest" time="4.479"/>
  <testcase name="testMethod2" classname="org.webdriver.tests.SecondTest" time="6.069"/>
  <testcase name="testMethod3" classname="org.webdriver.tests.SecondTest" time="3.511"/>
  <system-out><![CDATA[]]></system-out>
  <system-err><![CDATA[]]></system-err>
</testsuite>
