<?xml version="1.0" encoding="UTF-8"?>
<testsuite name="org.webdriver.tests.ThirdTest" tests="2" skipped="0" failures="0" errors="0" timestamp="2015-08-25T21:49:30" hostname="DEscarcegaF" time="0.638">
  <properties/>
  <testcase name="verifyPageLEL" classname="org.webdriver.tests.ThirdTest" time="0.174"/>
  <testcase name="verifyPageLEL2" classname="org.webdriver.tests.ThirdTest" time="0.076"/>
  <system-out><![CDATA[SUCCESS: 'verifyPageLEL' has succeded.
SUCCESS: 'verifyPageLEL2' has succeded.
]]></system-out>
  <system-err><![CDATA[]]></system-err>
</testsuite>
