<?xml version="1.0" encoding="UTF-8"?>
<testsuite name="org.webdriver.tests.ThirdTest" tests="3" skipped="0" failures="0" errors="0" timestamp="2015-09-21T22:23:42" hostname="DEscarcegaF" time="17.984">
  <properties/>
  <testcase name="testMethod1" classname="org.webdriver.tests.ThirdTest" time="5.071"/>
  <testcase name="testMethod2" classname="org.webdriver.tests.ThirdTest" time="4.104"/>
  <testcase name="testMethod3" classname="org.webdriver.tests.ThirdTest" time="4.907"/>
  <system-out><![CDATA[]]></system-out>
  <system-err><![CDATA[]]></system-err>
</testsuite>
